<?xml version="1.0" encoding="UTF-8"?>
<!-- Generated by org.testng.reporters.JUnitReportReporter -->
<testsuite hostname="Duaas-MacBook-Pro.local" failures="0" tests="1" name="com.qa.tests.LoginPageTest" time="7.182" errors="0" timestamp="25 Feb 2019 18:08:39 GMT" skipped="0">
  <testcase classname="com.qa.tests.LoginPageTest" name="signInVerify" time="7.182"/>
</testsuite> <!-- com.qa.tests.LoginPageTest -->
